<?xml version="1.0" encoding="UTF-8"?>
<!-- Generated by org.testng.reporters.JUnitReportReporter -->
<testsuite hostname="Neguss-MacBook-Pro.local" failures="0" tests="1" name="com.qa.orangehrm.tests.LoginTests" time="8.188" errors="0" timestamp="23 May 2024 19:39:52 GMT" skipped="0">
  <testcase classname="com.qa.orangehrm.tests.LoginTests" name="testLoginFeature" time="8.188"/>
</testsuite> <!-- com.qa.orangehrm.tests.LoginTests -->
