<?xml version="1.0" encoding="UTF-8"?>
<testsuite xmlns:xsi="http://www.w3.org/2001/XMLSchema-instance" xsi:noNamespaceSchemaLocation="https://maven.apache.org/surefire/maven-surefire-plugin/xsd/surefire-test-report-3.0.xsd" version="3.0" name="TestSuite" time="8.811" tests="1" errors="0" skipped="0" failures="0">
  <properties>
    <property name="gopherProxySet" value="false"/>
    <property name="awt.toolkit" value="sun.lwawt.macosx.LWCToolkit"/>
    <property name="java.specification.version" value="11"/>
    <property name="webdriver.chrome.driver" value="/Users/neguscollis/Desktop/Code/demoorangehrm/src/test/resources/driver/chromedriver"/>
    <property name="sun.cpu.isalist" value=""/>
    <property name="sun.jnu.encoding" value="UTF-8"/>
    <property name="java.class.path" value="/Users/neguscollis/Desktop/Code/demoorangehrm/target/test-classes:/Users/neguscollis/Desktop/Code/demoorangehrm/target/classes:/Users/neguscollis/.m2/repository/org/seleniumhq/selenium/selenium-java/3.141.59/selenium-java-3.141.59.jar:/Users/neguscollis/.m2/repository/org/seleniumhq/selenium/selenium-api/3.141.59/selenium-api-3.141.59.jar:/Users/neguscollis/.m2/repository/org/seleniumhq/selenium/selenium-chrome-driver/3.141.59/selenium-chrome-driver-3.141.59.jar:/Users/neguscollis/.m2/repository/org/seleniumhq/selenium/selenium-edge-driver/3.141.59/selenium-edge-driver-3.141.59.jar:/Users/neguscollis/.m2/repository/org/seleniumhq/selenium/selenium-firefox-driver/3.141.59/selenium-firefox-driver-3.141.59.jar:/Users/neguscollis/.m2/repository/org/seleniumhq/selenium/selenium-ie-driver/3.141.59/selenium-ie-driver-3.141.59.jar:/Users/neguscollis/.m2/repository/org/seleniumhq/selenium/selenium-opera-driver/3.141.59/selenium-opera-driver-3.141.59.jar:/Users/neguscollis/.m2/repository/org/seleniumhq/selenium/selenium-remote-driver/3.141.59/selenium-remote-driver-3.141.59.jar:/Users/neguscollis/.m2/repository/org/seleniumhq/selenium/selenium-safari-driver/3.141.59/selenium-safari-driver-3.141.59.jar:/Users/neguscollis/.m2/repository/org/seleniumhq/selenium/selenium-support/3.141.59/selenium-support-3.141.59.jar:/Users/neguscollis/.m2/repository/net/bytebuddy/byte-buddy/1.8.15/byte-buddy-1.8.15.jar:/Users/neguscollis/.m2/repository/org/apache/commons/commons-exec/1.3/commons-exec-1.3.jar:/Users/neguscollis/.m2/repository/com/google/guava/guava/25.0-jre/guava-25.0-jre.jar:/Users/neguscollis/.m2/repository/com/google/code/findbugs/jsr305/1.3.9/jsr305-1.3.9.jar:/Users/neguscollis/.m2/repository/org/checkerframework/checker-compat-qual/2.0.0/checker-compat-qual-2.0.0.jar:/Users/neguscollis/.m2/repository/com/google/errorprone/error_prone_annotations/2.1.3/error_prone_annotations-2.1.3.jar:/Users/neguscollis/.m2/repository/com/google/j2objc/j2objc-annotations/1.1/j2objc-annotations-1.1.jar:/Users/neguscollis/.m2/repository/org/codehaus/mojo/animal-sniffer-annotations/1.14/animal-sniffer-annotations-1.14.jar:/Users/neguscollis/.m2/repository/com/squareup/okhttp3/okhttp/3.11.0/okhttp-3.11.0.jar:/Users/neguscollis/.m2/repository/com/squareup/okio/okio/1.14.0/okio-1.14.0.jar:/Users/neguscollis/.m2/repository/io/cucumber/cucumber-java/6.10.4/cucumber-java-6.10.4.jar:/Users/neguscollis/.m2/repository/io/cucumber/cucumber-core/6.10.4/cucumber-core-6.10.4.jar:/Users/neguscollis/.m2/repository/io/cucumber/cucumber-gherkin/6.10.4/cucumber-gherkin-6.10.4.jar:/Users/neguscollis/.m2/repository/io/cucumber/cucumber-gherkin-messages/6.10.4/cucumber-gherkin-messages-6.10.4.jar:/Users/neguscollis/.m2/repository/io/cucumber/messages/15.0.0/messages-15.0.0.jar:/Users/neguscollis/.m2/repository/io/cucumber/tag-expressions/3.0.1/tag-expressions-3.0.1.jar:/Users/neguscollis/.m2/repository/io/cucumber/cucumber-expressions/10.3.0/cucumber-expressions-10.3.0.jar:/Users/neguscollis/.m2/repository/io/cucumber/datatable/3.5.0/datatable-3.5.0.jar:/Users/neguscollis/.m2/repository/io/cucumber/cucumber-plugin/6.10.4/cucumber-plugin-6.10.4.jar:/Users/neguscollis/.m2/repository/io/cucumber/docstring/6.10.4/docstring-6.10.4.jar:/Users/neguscollis/.m2/repository/io/cucumber/html-formatter/13.0.0/html-formatter-13.0.0.jar:/Users/neguscollis/.m2/repository/io/cucumber/create-meta/4.0.0/create-meta-4.0.0.jar:/Users/neguscollis/.m2/repository/org/apiguardian/apiguardian-api/1.1.1/apiguardian-api-1.1.1.jar:/Users/neguscollis/.m2/repository/com/github/javafaker/javafaker/1.0.2/javafaker-1.0.2.jar:/Users/neguscollis/.m2/repository/org/apache/commons/commons-lang3/3.5/commons-lang3-3.5.jar:/Users/neguscollis/.m2/repository/org/yaml/snakeyaml/1.23/snakeyaml-1.23-android.jar:/Users/neguscollis/.m2/repository/com/github/mifmif/generex/1.0.2/generex-1.0.2.jar:/Users/neguscollis/.m2/repository/dk/brics/automaton/automaton/1.11-8/automaton-1.11-8.jar:/Users/neguscollis/.m2/repository/io/cucumber/cucumber-junit/6.10.4/cucumber-junit-6.10.4.jar:/Users/neguscollis/.m2/repository/junit/junit/4.13.1/junit-4.13.1.jar:/Users/neguscollis/.m2/repository/org/hamcrest/hamcrest-core/1.3/hamcrest-core-1.3.jar:/Users/neguscollis/.m2/repository/org/testng/testng/6.14.3/testng-6.14.3.jar:/Users/neguscollis/.m2/repository/com/beust/jcommander/1.72/jcommander-1.72.jar:/Users/neguscollis/.m2/repository/org/apache-extras/beanshell/bsh/2.0b6/bsh-2.0b6.jar:/Users/neguscollis/.m2/repository/org/apache/logging/log4j/log4j-core/2.17.1/log4j-core-2.17.1.jar:/Users/neguscollis/.m2/repository/org/apache/logging/log4j/log4j-api/2.17.1/log4j-api-2.17.1.jar:"/>
    <property name="java.vm.vendor" value="Amazon.com Inc."/>
    <property name="sun.arch.data.model" value="64"/>
    <property name="java.vendor.url" value="https://aws.amazon.com/corretto/"/>
    <property name="user.timezone" value="America/Chicago"/>
    <property name="java.vm.specification.version" value="11"/>
    <property name="os.name" value="Mac OS X"/>
    <property name="sun.java.launcher" value="SUN_STANDARD"/>
    <property name="user.country" value="US"/>
    <property name="sun.boot.library.path" value="/Users/neguscollis/Library/Java/JavaVirtualMachines/corretto-11.0.22/Contents/Home/lib"/>
    <property name="sun.java.command" value="/Users/neguscollis/Desktop/Code/demoorangehrm/target/surefire/surefirebooter-20240523143943164_3.jar /Users/neguscollis/Desktop/Code/demoorangehrm/target/surefire 2024-05-23T14-39-43_080-jvmRun1 surefire-20240523143943164_1tmp surefire_0-20240523143943164_2tmp"/>
    <property name="http.nonProxyHosts" value="local|*.local|169.254/16|*.169.254/16"/>
    <property name="jdk.debug" value="release"/>
    <property name="surefire.test.class.path" value="/Users/neguscollis/Desktop/Code/demoorangehrm/target/test-classes:/Users/neguscollis/Desktop/Code/demoorangehrm/target/classes:/Users/neguscollis/.m2/repository/org/seleniumhq/selenium/selenium-java/3.141.59/selenium-java-3.141.59.jar:/Users/neguscollis/.m2/repository/org/seleniumhq/selenium/selenium-api/3.141.59/selenium-api-3.141.59.jar:/Users/neguscollis/.m2/repository/org/seleniumhq/selenium/selenium-chrome-driver/3.141.59/selenium-chrome-driver-3.141.59.jar:/Users/neguscollis/.m2/repository/org/seleniumhq/selenium/selenium-edge-driver/3.141.59/selenium-edge-driver-3.141.59.jar:/Users/neguscollis/.m2/repository/org/seleniumhq/selenium/selenium-firefox-driver/3.141.59/selenium-firefox-driver-3.141.59.jar:/Users/neguscollis/.m2/repository/org/seleniumhq/selenium/selenium-ie-driver/3.141.59/selenium-ie-driver-3.141.59.jar:/Users/neguscollis/.m2/repository/org/seleniumhq/selenium/selenium-opera-driver/3.141.59/selenium-opera-driver-3.141.59.jar:/Users/neguscollis/.m2/repository/org/seleniumhq/selenium/selenium-remote-driver/3.141.59/selenium-remote-driver-3.141.59.jar:/Users/neguscollis/.m2/repository/org/seleniumhq/selenium/selenium-safari-driver/3.141.59/selenium-safari-driver-3.141.59.jar:/Users/neguscollis/.m2/repository/org/seleniumhq/selenium/selenium-support/3.141.59/selenium-support-3.141.59.jar:/Users/neguscollis/.m2/repository/net/bytebuddy/byte-buddy/1.8.15/byte-buddy-1.8.15.jar:/Users/neguscollis/.m2/repository/org/apache/commons/commons-exec/1.3/commons-exec-1.3.jar:/Users/neguscollis/.m2/repository/com/google/guava/guava/25.0-jre/guava-25.0-jre.jar:/Users/neguscollis/.m2/repository/com/google/code/findbugs/jsr305/1.3.9/jsr305-1.3.9.jar:/Users/neguscollis/.m2/repository/org/checkerframework/checker-compat-qual/2.0.0/checker-compat-qual-2.0.0.jar:/Users/neguscollis/.m2/repository/com/google/errorprone/error_prone_annotations/2.1.3/error_prone_annotations-2.1.3.jar:/Users/neguscollis/.m2/repository/com/google/j2objc/j2objc-annotations/1.1/j2objc-annotations-1.1.jar:/Users/neguscollis/.m2/repository/org/codehaus/mojo/animal-sniffer-annotations/1.14/animal-sniffer-annotations-1.14.jar:/Users/neguscollis/.m2/repository/com/squareup/okhttp3/okhttp/3.11.0/okhttp-3.11.0.jar:/Users/neguscollis/.m2/repository/com/squareup/okio/okio/1.14.0/okio-1.14.0.jar:/Users/neguscollis/.m2/repository/io/cucumber/cucumber-java/6.10.4/cucumber-java-6.10.4.jar:/Users/neguscollis/.m2/repository/io/cucumber/cucumber-core/6.10.4/cucumber-core-6.10.4.jar:/Users/neguscollis/.m2/repository/io/cucumber/cucumber-gherkin/6.10.4/cucumber-gherkin-6.10.4.jar:/Users/neguscollis/.m2/repository/io/cucumber/cucumber-gherkin-messages/6.10.4/cucumber-gherkin-messages-6.10.4.jar:/Users/neguscollis/.m2/repository/io/cucumber/messages/15.0.0/messages-15.0.0.jar:/Users/neguscollis/.m2/repository/io/cucumber/tag-expressions/3.0.1/tag-expressions-3.0.1.jar:/Users/neguscollis/.m2/repository/io/cucumber/cucumber-expressions/10.3.0/cucumber-expressions-10.3.0.jar:/Users/neguscollis/.m2/repository/io/cucumber/datatable/3.5.0/datatable-3.5.0.jar:/Users/neguscollis/.m2/repository/io/cucumber/cucumber-plugin/6.10.4/cucumber-plugin-6.10.4.jar:/Users/neguscollis/.m2/repository/io/cucumber/docstring/6.10.4/docstring-6.10.4.jar:/Users/neguscollis/.m2/repository/io/cucumber/html-formatter/13.0.0/html-formatter-13.0.0.jar:/Users/neguscollis/.m2/repository/io/cucumber/create-meta/4.0.0/create-meta-4.0.0.jar:/Users/neguscollis/.m2/repository/org/apiguardian/apiguardian-api/1.1.1/apiguardian-api-1.1.1.jar:/Users/neguscollis/.m2/repository/com/github/javafaker/javafaker/1.0.2/javafaker-1.0.2.jar:/Users/neguscollis/.m2/repository/org/apache/commons/commons-lang3/3.5/commons-lang3-3.5.jar:/Users/neguscollis/.m2/repository/org/yaml/snakeyaml/1.23/snakeyaml-1.23-android.jar:/Users/neguscollis/.m2/repository/com/github/mifmif/generex/1.0.2/generex-1.0.2.jar:/Users/neguscollis/.m2/repository/dk/brics/automaton/automaton/1.11-8/automaton-1.11-8.jar:/Users/neguscollis/.m2/repository/io/cucumber/cucumber-junit/6.10.4/cucumber-junit-6.10.4.jar:/Users/neguscollis/.m2/repository/junit/junit/4.13.1/junit-4.13.1.jar:/Users/neguscollis/.m2/repository/org/hamcrest/hamcrest-core/1.3/hamcrest-core-1.3.jar:/Users/neguscollis/.m2/repository/org/testng/testng/6.14.3/testng-6.14.3.jar:/Users/neguscollis/.m2/repository/com/beust/jcommander/1.72/jcommander-1.72.jar:/Users/neguscollis/.m2/repository/org/apache-extras/beanshell/bsh/2.0b6/bsh-2.0b6.jar:/Users/neguscollis/.m2/repository/org/apache/logging/log4j/log4j-core/2.17.1/log4j-core-2.17.1.jar:/Users/neguscollis/.m2/repository/org/apache/logging/log4j/log4j-api/2.17.1/log4j-api-2.17.1.jar:"/>
    <property name="sun.cpu.endian" value="little"/>
    <property name="user.home" value="/Users/neguscollis"/>
    <property name="user.language" value="en"/>
    <property name="java.specification.vendor" value="Oracle Corporation"/>
    <property name="java.version.date" value="2024-01-16"/>
    <property name="java.home" value="/Users/neguscollis/Library/Java/JavaVirtualMachines/corretto-11.0.22/Contents/Home"/>
    <property name="file.separator" value="/"/>
    <property name="basedir" value="/Users/neguscollis/Desktop/Code/demoorangehrm"/>
    <property name="java.vm.compressedOopsMode" value="Zero based"/>
    <property name="line.separator" value="&#10;"/>
    <property name="java.specification.name" value="Java Platform API Specification"/>
    <property name="java.vm.specification.vendor" value="Oracle Corporation"/>
    <property name="java.awt.graphicsenv" value="sun.awt.CGraphicsEnvironment"/>
    <property name="surefire.real.class.path" value="/Users/neguscollis/Desktop/Code/demoorangehrm/target/surefire/surefirebooter-20240523143943164_3.jar"/>
    <property name="sun.management.compiler" value="HotSpot 64-Bit Tiered Compilers"/>
    <property name="ftp.nonProxyHosts" value="local|*.local|169.254/16|*.169.254/16"/>
    <property name="java.runtime.version" value="11.0.22+7-LTS"/>
    <property name="user.name" value="neguscollis"/>
    <property name="path.separator" value=":"/>
    <property name="os.version" value="14.5"/>
    <property name="java.runtime.name" value="OpenJDK Runtime Environment"/>
    <property name="file.encoding" value="UTF-8"/>
    <property name="java.vm.name" value="OpenJDK 64-Bit Server VM"/>
    <property name="java.vendor.version" value="Corretto-11.0.22.7.1"/>
    <property name="localRepository" value="/Users/neguscollis/.m2/repository"/>
    <property name="java.vendor.url.bug" value="https://github.com/corretto/corretto-11/issues/"/>
    <property name="java.io.tmpdir" value="/var/folders/cs/gj8m3cxj1wl45vd9c60d8cg00000gn/T/"/>
    <property name="java.version" value="11.0.22"/>
    <property name="user.dir" value="/Users/neguscollis/Desktop/Code/demoorangehrm"/>
    <property name="os.arch" value="aarch64"/>
    <property name="java.vm.specification.name" value="Java Virtual Machine Specification"/>
    <property name="java.awt.printerjob" value="sun.lwawt.macosx.CPrinterJob"/>
    <property name="sun.os.patch.level" value="unknown"/>
    <property name="java.library.path" value="/Users/neguscollis/Library/Java/Extensions:/Library/Java/Extensions:/Network/Library/Java/Extensions:/System/Library/Java/Extensions:/usr/lib/java:."/>
    <property name="java.vm.info" value="mixed mode"/>
    <property name="java.vendor" value="Amazon.com Inc."/>
    <property name="java.vm.version" value="11.0.22+7-LTS"/>
    <property name="java.specification.maintenance.version" value="2"/>
    <property name="sun.io.unicode.encoding" value="UnicodeBig"/>
    <property name="java.class.version" value="55.0"/>
    <property name="socksNonProxyHosts" value="local|*.local|169.254/16|*.169.254/16"/>
  </properties>
  <testcase name="testLoginFeature" classname="com.qa.orangehrm.tests.LoginTests" time="1.205">
    <system-out><![CDATA[[TestNGContentHandler] [WARN] It is strongly recommended to add "<!DOCTYPE suite SYSTEM "http://testng.org/testng-1.0.dtd" >" at the top of your file, otherwise TestNG may fail or not work as expected.
]]></system-out>
    <system-err><![CDATA[Starting ChromeDriver 125.0.6422.76 (67dcf7562b8fb4ab0819135589e37a97bcc8942c-refs/branch-heads/6422@{#1086}) on port 32357
Only local connections are allowed.
Please see https://chromedriver.chromium.org/security-considerations for suggestions on keeping ChromeDriver safe.
ChromeDriver was started successfully.
May 23, 2024 2:39:45 PM org.openqa.selenium.remote.ProtocolHandshake createSession
INFO: Detected dialect: W3C
]]></system-err>
  </testcase>
</testsuite>